<?xml version="1.0" encoding="UTF-8"?>
<TestRun id="d7e74504-ce45-4953-ae97-efbe347eab5e" name="csmirnoff@BFNB13517 2017-09-22 16:47:06" runUser="BAUNET\csmirnoff" xmlns="http://microsoft.com/schemas/VisualStudio/TeamTest/2010">
  <TestSettings name="Local" id="8acfa7b8-27de-43ce-983a-cc0b83fef6f7">
    <Description>These are default test settings for a local test run.</Description>
    <Deployment enabled="false" runDeploymentRoot="csmirnoff_BFNB13517 2017-09-22 16_47_06">
      <DeploymentItem filename="C:\Develop\DesigningTestableApplications\DesigningTestableApplications.LegacyCode\DesigningTestableApplications.Services\bin\Debug\DesigningTestableApplications.Services.dll" />
      <DeploymentItem filename="C:\Develop\DesigningTestableApplications\DesigningTestableApplications.LegacyCode\DesigningTestableApplications.Model\bin\Debug\DesigningTestableApplications.Model.dll" />
      <DeploymentItem filename="C:\Develop\DesigningTestableApplications\DesigningTestableApplications.LegacyCode\DesigningTestableApplications.ORM\bin\Debug\DesigningTestableApplications.ORM.dll" />
      <DeploymentItem filename="C:\Develop\DesigningTestableApplications\DesigningTestableApplications.LegacyCode\packages\EntityFramework.6.1.3\lib\net40\EntityFramework.SqlServer.dll" />
      <DeploymentItem filename="C:\Develop\DesigningTestableApplications\DesigningTestableApplications.LegacyCode\DesigningTestableApplications.Repositories\bin\Debug\DesigningTestableApplications.Repositories.dll" />
      <DeploymentItem filename="C:\Develop\DesigningTestableApplications\DesigningTestableApplications.LegacyCode\packages\EntityFramework.6.1.3\lib\net40\EntityFramework.dll" />
    </Deployment>
    <Execution>
      <TestTypeSpecific />
      <AgentRule name="Execution Agents">
      </AgentRule>
    </Execution>
  </TestSettings>
  <Times creation="2017-09-22T16:47:06.7564216-03:00" queuing="2017-09-22T16:47:08.0456574-03:00" start="2017-09-22T16:47:08.0796606-03:00" finish="2017-09-22T16:47:08.4452157-03:00" />
  <ResultSummary outcome="Completed">
    <Counters total="2" executed="2" passed="2" error="0" failed="0" timeout="0" aborted="0" inconclusive="0" passedButRunAborted="0" notRunnable="0" notExecuted="0" disconnected="0" warning="0" completed="0" inProgress="0" pending="0" />
  </ResultSummary>
  <TestDefinitions>
    <UnitTest name="AddOrderWithGift" storage="c:\develop\designingtestableapplications\designingtestableapplications.legacycode\designingtestableapplications.integrationtests\bin\debug\designingtestableapplications.integrationtests.dll" id="ae192e4a-2355-7815-7d01-0b0fe9c56dfe">
      <Execution id="346bfbee-231e-4680-8356-40acf83f6025" />
      <TestMethod codeBase="C:/Develop/DesigningTestableApplications/DesigningTestableApplications.LegacyCode/DesigningTestableApplications.IntegrationTests/bin/Debug/DesigningTestableApplications.IntegrationTests.DLL" adapterTypeName="Microsoft.VisualStudio.TestTools.TestTypes.Unit.UnitTestAdapter, Microsoft.VisualStudio.QualityTools.Tips.UnitTest.Adapter, Version=10.0.0.0, Culture=neutral, PublicKeyToken=b03f5f7f11d50a3a" className="DesigningTestableApplications.IntegrationTests.IntegrationTests, DesigningTestableApplications.IntegrationTests, Version=1.0.0.0, Culture=neutral, PublicKeyToken=null" name="AddOrderWithGift" />
    </UnitTest>
    <UnitTest name="AddOrderWithoutGift" storage="c:\develop\designingtestableapplications\designingtestableapplications.legacycode\designingtestableapplications.integrationtests\bin\debug\designingtestableapplications.integrationtests.dll" id="f65db414-05d9-894e-5b55-b8bd07018a2a">
      <Execution id="aa2a0cd6-a216-4bf0-98c3-59aab69e43d4" />
      <TestMethod codeBase="C:/Develop/DesigningTestableApplications/DesigningTestableApplications.LegacyCode/DesigningTestableApplications.IntegrationTests/bin/Debug/DesigningTestableApplications.IntegrationTests.DLL" adapterTypeName="Microsoft.VisualStudio.TestTools.TestTypes.Unit.UnitTestAdapter, Microsoft.VisualStudio.QualityTools.Tips.UnitTest.Adapter, Version=10.0.0.0, Culture=neutral, PublicKeyToken=b03f5f7f11d50a3a" className="DesigningTestableApplications.IntegrationTests.IntegrationTests, DesigningTestableApplications.IntegrationTests, Version=1.0.0.0, Culture=neutral, PublicKeyToken=null" name="AddOrderWithoutGift" />
    </UnitTest>
  </TestDefinitions>
  <TestLists>
    <TestList name="Results Not in a List" id="8c84fa94-04c1-424b-9868-57a2d4851a1d" />
    <TestList name="All Loaded Results" id="19431567-8539-422a-85d7-44ee4e166bda" />
  </TestLists>
  <TestEntries>
    <TestEntry testId="ae192e4a-2355-7815-7d01-0b0fe9c56dfe" executionId="346bfbee-231e-4680-8356-40acf83f6025" testListId="8c84fa94-04c1-424b-9868-57a2d4851a1d" />
    <TestEntry testId="f65db414-05d9-894e-5b55-b8bd07018a2a" executionId="aa2a0cd6-a216-4bf0-98c3-59aab69e43d4" testListId="8c84fa94-04c1-424b-9868-57a2d4851a1d" />
  </TestEntries>
  <Results>
    <UnitTestResult executionId="346bfbee-231e-4680-8356-40acf83f6025" testId="ae192e4a-2355-7815-7d01-0b0fe9c56dfe" testName="AddOrderWithGift" computerName="BFNB13517" duration="00:00:00.0282993" startTime="2017-09-22T16:47:08.1396851-03:00" endTime="2017-09-22T16:47:08.4132366-03:00" testType="13cdc9d9-ddb5-4fa4-a97d-d965ccfc6d4b" outcome="Passed" testListId="8c84fa94-04c1-424b-9868-57a2d4851a1d" relativeResultsDirectory="346bfbee-231e-4680-8356-40acf83f6025">
    </UnitTestResult>
    <UnitTestResult executionId="aa2a0cd6-a216-4bf0-98c3-59aab69e43d4" testId="f65db414-05d9-894e-5b55-b8bd07018a2a" testName="AddOrderWithoutGift" computerName="BFNB13517" duration="00:00:00.0005618" startTime="2017-09-22T16:47:08.4142143-03:00" endTime="2017-09-22T16:47:08.4182181-03:00" testType="13cdc9d9-ddb5-4fa4-a97d-d965ccfc6d4b" outcome="Passed" testListId="8c84fa94-04c1-424b-9868-57a2d4851a1d" relativeResultsDirectory="aa2a0cd6-a216-4bf0-98c3-59aab69e43d4">
    </UnitTestResult>
  </Results>
</TestRun>